2021-01-15 19:19:08,972 WARN ru.stepev.dao.jdbc.JdbcDailyScheduleDao [main] DailySchedule with date 2021-09-11 was not found
2021-01-15 19:19:09,400 DEBUG ru.stepev.dao.jdbc.JdbcDailyScheduleDao [main] Finding all DailySchedules by teacher and period of time ...
2021-01-15 19:19:09,402 DEBUG ru.stepev.dao.jdbc.JdbcDailyScheduleDao [main] Finding all DailySchedules by Date period ...
2021-01-15 19:19:09,406 DEBUG ru.stepev.dao.jdbc.JdbcLectureDao [main] Finding by dailyscheduleId - 2
2021-01-15 19:19:09,413 DEBUG ru.stepev.dao.jdbc.JdbcStudentDao [main] Finding student by group ID ... 
2021-01-15 19:19:09,419 DEBUG ru.stepev.dao.jdbc.JdbcCourseDao [main] Finding course by student ID ...
2021-01-15 19:19:09,442 DEBUG ru.stepev.dao.jdbc.JdbcCourseDao [main] Finding course by student ID ...
2021-01-15 19:19:09,458 DEBUG ru.stepev.dao.jdbc.JdbcCourseDao [main] Finding course by teacher ID ...
2021-01-15 19:19:09,471 DEBUG ru.stepev.dao.jdbc.JdbcStudentDao [main] Finding student by group ID ... 
2021-01-15 19:19:09,486 DEBUG ru.stepev.dao.jdbc.JdbcCourseDao [main] Finding course by student ID ...
2021-01-15 19:19:09,491 DEBUG ru.stepev.dao.jdbc.JdbcCourseDao [main] Finding course by student ID ...
2021-01-15 19:19:09,494 DEBUG ru.stepev.dao.jdbc.JdbcCourseDao [main] Finding course by teacher ID ...
2021-01-15 19:19:09,497 DEBUG ru.stepev.dao.jdbc.JdbcLectureDao [main] Finding by dailyscheduleId - 3
2021-01-15 19:19:09,503 DEBUG ru.stepev.dao.jdbc.JdbcStudentDao [main] Finding student by group ID ... 
2021-01-15 19:19:09,505 DEBUG ru.stepev.dao.jdbc.JdbcCourseDao [main] Finding course by student ID ...
2021-01-15 19:19:09,507 DEBUG ru.stepev.dao.jdbc.JdbcCourseDao [main] Finding course by student ID ...
2021-01-15 19:19:09,510 DEBUG ru.stepev.dao.jdbc.JdbcCourseDao [main] Finding course by teacher ID ...
2021-01-15 19:19:09,523 DEBUG ru.stepev.dao.jdbc.JdbcStudentDao [main] Finding student by group ID ... 
2021-01-15 19:19:09,526 DEBUG ru.stepev.dao.jdbc.JdbcCourseDao [main] Finding course by student ID ...
2021-01-15 19:19:09,533 DEBUG ru.stepev.dao.jdbc.JdbcCourseDao [main] Finding course by student ID ...
2021-01-15 19:19:09,543 DEBUG ru.stepev.dao.jdbc.JdbcCourseDao [main] Finding course by teacher ID ...
2021-01-15 19:19:09,669 DEBUG ru.stepev.dao.jdbc.JdbcDailyScheduleDao [main] Finding all DailySchedules...
2021-01-15 19:19:09,672 DEBUG ru.stepev.dao.jdbc.JdbcLectureDao [main] Finding by dailyscheduleId - 1
2021-01-15 19:19:09,675 DEBUG ru.stepev.dao.jdbc.JdbcStudentDao [main] Finding student by group ID ... 
2021-01-15 19:19:09,678 DEBUG ru.stepev.dao.jdbc.JdbcCourseDao [main] Finding course by student ID ...
2021-01-15 19:19:09,680 DEBUG ru.stepev.dao.jdbc.JdbcCourseDao [main] Finding course by student ID ...
2021-01-15 19:19:09,683 DEBUG ru.stepev.dao.jdbc.JdbcCourseDao [main] Finding course by teacher ID ...
2021-01-15 19:19:09,688 DEBUG ru.stepev.dao.jdbc.JdbcStudentDao [main] Finding student by group ID ... 
2021-01-15 19:19:09,690 DEBUG ru.stepev.dao.jdbc.JdbcCourseDao [main] Finding course by student ID ...
2021-01-15 19:19:09,692 DEBUG ru.stepev.dao.jdbc.JdbcCourseDao [main] Finding course by student ID ...
2021-01-15 19:19:09,694 DEBUG ru.stepev.dao.jdbc.JdbcCourseDao [main] Finding course by teacher ID ...
2021-01-15 19:19:09,698 DEBUG ru.stepev.dao.jdbc.JdbcStudentDao [main] Finding student by group ID ... 
2021-01-15 19:19:09,699 DEBUG ru.stepev.dao.jdbc.JdbcCourseDao [main] Finding course by student ID ...
2021-01-15 19:19:09,702 DEBUG ru.stepev.dao.jdbc.JdbcCourseDao [main] Finding course by student ID ...
2021-01-15 19:19:09,705 DEBUG ru.stepev.dao.jdbc.JdbcCourseDao [main] Finding course by teacher ID ...
2021-01-15 19:19:09,710 DEBUG ru.stepev.dao.jdbc.JdbcStudentDao [main] Finding student by group ID ... 
2021-01-15 19:19:09,713 DEBUG ru.stepev.dao.jdbc.JdbcCourseDao [main] Finding course by student ID ...
2021-01-15 19:19:09,715 DEBUG ru.stepev.dao.jdbc.JdbcCourseDao [main] Finding course by student ID ...
2021-01-15 19:19:09,718 DEBUG ru.stepev.dao.jdbc.JdbcCourseDao [main] Finding course by teacher ID ...
2021-01-15 19:19:09,721 DEBUG ru.stepev.dao.jdbc.JdbcStudentDao [main] Finding student by group ID ... 
2021-01-15 19:19:09,722 DEBUG ru.stepev.dao.jdbc.JdbcCourseDao [main] Finding course by student ID ...
2021-01-15 19:19:09,724 DEBUG ru.stepev.dao.jdbc.JdbcCourseDao [main] Finding course by student ID ...
2021-01-15 19:19:09,727 DEBUG ru.stepev.dao.jdbc.JdbcCourseDao [main] Finding course by teacher ID ...
2021-01-15 19:19:09,729 DEBUG ru.stepev.dao.jdbc.JdbcLectureDao [main] Finding by dailyscheduleId - 2
2021-01-15 19:19:09,746 DEBUG ru.stepev.dao.jdbc.JdbcStudentDao [main] Finding student by group ID ... 
2021-01-15 19:19:09,756 DEBUG ru.stepev.dao.jdbc.JdbcCourseDao [main] Finding course by student ID ...
2021-01-15 19:19:09,760 DEBUG ru.stepev.dao.jdbc.JdbcCourseDao [main] Finding course by student ID ...
2021-01-15 19:19:09,764 DEBUG ru.stepev.dao.jdbc.JdbcCourseDao [main] Finding course by teacher ID ...
2021-01-15 19:19:09,774 DEBUG ru.stepev.dao.jdbc.JdbcStudentDao [main] Finding student by group ID ... 
2021-01-15 19:19:09,775 DEBUG ru.stepev.dao.jdbc.JdbcCourseDao [main] Finding course by student ID ...
2021-01-15 19:19:09,776 DEBUG ru.stepev.dao.jdbc.JdbcCourseDao [main] Finding course by student ID ...
2021-01-15 19:19:09,779 DEBUG ru.stepev.dao.jdbc.JdbcCourseDao [main] Finding course by teacher ID ...
2021-01-15 19:19:09,781 DEBUG ru.stepev.dao.jdbc.JdbcLectureDao [main] Finding by dailyscheduleId - 3
2021-01-15 19:19:09,787 DEBUG ru.stepev.dao.jdbc.JdbcStudentDao [main] Finding student by group ID ... 
2021-01-15 19:19:09,793 DEBUG ru.stepev.dao.jdbc.JdbcCourseDao [main] Finding course by student ID ...
2021-01-15 19:19:09,795 DEBUG ru.stepev.dao.jdbc.JdbcCourseDao [main] Finding course by student ID ...
2021-01-15 19:19:09,797 DEBUG ru.stepev.dao.jdbc.JdbcCourseDao [main] Finding course by teacher ID ...
2021-01-15 19:19:09,805 DEBUG ru.stepev.dao.jdbc.JdbcStudentDao [main] Finding student by group ID ... 
2021-01-15 19:19:09,807 DEBUG ru.stepev.dao.jdbc.JdbcCourseDao [main] Finding course by student ID ...
2021-01-15 19:19:09,808 DEBUG ru.stepev.dao.jdbc.JdbcCourseDao [main] Finding course by student ID ...
2021-01-15 19:19:09,811 DEBUG ru.stepev.dao.jdbc.JdbcCourseDao [main] Finding course by teacher ID ...
2021-01-15 19:19:09,813 DEBUG ru.stepev.dao.jdbc.JdbcLectureDao [main] Finding by dailyscheduleId - 4
2021-01-15 19:19:09,819 DEBUG ru.stepev.dao.jdbc.JdbcStudentDao [main] Finding student by group ID ... 
2021-01-15 19:19:09,821 DEBUG ru.stepev.dao.jdbc.JdbcCourseDao [main] Finding course by student ID ...
2021-01-15 19:19:09,823 DEBUG ru.stepev.dao.jdbc.JdbcCourseDao [main] Finding course by student ID ...
2021-01-15 19:19:09,826 DEBUG ru.stepev.dao.jdbc.JdbcCourseDao [main] Finding course by teacher ID ...
2021-01-15 19:19:09,829 DEBUG ru.stepev.dao.jdbc.JdbcStudentDao [main] Finding student by group ID ... 
2021-01-15 19:19:09,831 DEBUG ru.stepev.dao.jdbc.JdbcCourseDao [main] Finding course by student ID ...
2021-01-15 19:19:09,834 DEBUG ru.stepev.dao.jdbc.JdbcCourseDao [main] Finding course by student ID ...
2021-01-15 19:19:09,837 DEBUG ru.stepev.dao.jdbc.JdbcCourseDao [main] Finding course by teacher ID ...
2021-01-15 19:19:09,838 DEBUG ru.stepev.dao.jdbc.JdbcLectureDao [main] Finding by dailyscheduleId - 5
2021-01-15 19:19:09,842 DEBUG ru.stepev.dao.jdbc.JdbcStudentDao [main] Finding student by group ID ... 
2021-01-15 19:19:09,844 DEBUG ru.stepev.dao.jdbc.JdbcCourseDao [main] Finding course by student ID ...
2021-01-15 19:19:09,846 DEBUG ru.stepev.dao.jdbc.JdbcCourseDao [main] Finding course by student ID ...
2021-01-15 19:19:09,849 DEBUG ru.stepev.dao.jdbc.JdbcCourseDao [main] Finding course by teacher ID ...
2021-01-15 19:19:09,854 DEBUG ru.stepev.dao.jdbc.JdbcStudentDao [main] Finding student by group ID ... 
2021-01-15 19:19:09,868 DEBUG ru.stepev.dao.jdbc.JdbcCourseDao [main] Finding course by student ID ...
2021-01-15 19:19:09,871 DEBUG ru.stepev.dao.jdbc.JdbcCourseDao [main] Finding course by student ID ...
2021-01-15 19:19:09,874 DEBUG ru.stepev.dao.jdbc.JdbcCourseDao [main] Finding course by teacher ID ...
2021-01-15 19:19:09,876 DEBUG ru.stepev.dao.jdbc.JdbcLectureDao [main] Finding by dailyscheduleId - 6
2021-01-15 19:19:09,879 DEBUG ru.stepev.dao.jdbc.JdbcStudentDao [main] Finding student by group ID ... 
2021-01-15 19:19:09,880 DEBUG ru.stepev.dao.jdbc.JdbcCourseDao [main] Finding course by student ID ...
2021-01-15 19:19:09,882 DEBUG ru.stepev.dao.jdbc.JdbcCourseDao [main] Finding course by student ID ...
2021-01-15 19:19:09,886 DEBUG ru.stepev.dao.jdbc.JdbcCourseDao [main] Finding course by teacher ID ...
2021-01-15 19:19:09,889 DEBUG ru.stepev.dao.jdbc.JdbcStudentDao [main] Finding student by group ID ... 
2021-01-15 19:19:09,890 DEBUG ru.stepev.dao.jdbc.JdbcCourseDao [main] Finding course by student ID ...
2021-01-15 19:19:09,893 DEBUG ru.stepev.dao.jdbc.JdbcCourseDao [main] Finding course by student ID ...
2021-01-15 19:19:09,896 DEBUG ru.stepev.dao.jdbc.JdbcCourseDao [main] Finding course by teacher ID ...
2021-01-15 19:19:09,897 DEBUG ru.stepev.dao.jdbc.JdbcLectureDao [main] Finding by dailyscheduleId - 7
2021-01-15 19:19:09,901 DEBUG ru.stepev.dao.jdbc.JdbcStudentDao [main] Finding student by group ID ... 
2021-01-15 19:19:09,903 DEBUG ru.stepev.dao.jdbc.JdbcCourseDao [main] Finding course by student ID ...
2021-01-15 19:19:09,904 DEBUG ru.stepev.dao.jdbc.JdbcCourseDao [main] Finding course by student ID ...
2021-01-15 19:19:09,906 DEBUG ru.stepev.dao.jdbc.JdbcCourseDao [main] Finding course by teacher ID ...
2021-01-15 19:19:09,910 DEBUG ru.stepev.dao.jdbc.JdbcStudentDao [main] Finding student by group ID ... 
2021-01-15 19:19:09,911 DEBUG ru.stepev.dao.jdbc.JdbcCourseDao [main] Finding course by student ID ...
2021-01-15 19:19:09,913 DEBUG ru.stepev.dao.jdbc.JdbcCourseDao [main] Finding course by student ID ...
2021-01-15 19:19:09,915 DEBUG ru.stepev.dao.jdbc.JdbcCourseDao [main] Finding course by teacher ID ...
2021-01-15 19:19:09,917 DEBUG ru.stepev.dao.jdbc.JdbcLectureDao [main] Finding by dailyscheduleId - 8
2021-01-15 19:19:09,920 DEBUG ru.stepev.dao.jdbc.JdbcStudentDao [main] Finding student by group ID ... 
2021-01-15 19:19:09,921 DEBUG ru.stepev.dao.jdbc.JdbcCourseDao [main] Finding course by student ID ...
2021-01-15 19:19:09,924 DEBUG ru.stepev.dao.jdbc.JdbcCourseDao [main] Finding course by student ID ...
2021-01-15 19:19:09,931 DEBUG ru.stepev.dao.jdbc.JdbcCourseDao [main] Finding course by teacher ID ...
2021-01-15 19:19:09,933 DEBUG ru.stepev.dao.jdbc.JdbcLectureDao [main] Finding by dailyscheduleId - 9
2021-01-15 19:19:09,937 DEBUG ru.stepev.dao.jdbc.JdbcStudentDao [main] Finding student by group ID ... 
2021-01-15 19:19:09,939 DEBUG ru.stepev.dao.jdbc.JdbcCourseDao [main] Finding course by student ID ...
2021-01-15 19:19:09,942 DEBUG ru.stepev.dao.jdbc.JdbcCourseDao [main] Finding course by student ID ...
2021-01-15 19:19:09,944 DEBUG ru.stepev.dao.jdbc.JdbcCourseDao [main] Finding course by teacher ID ...
2021-01-15 19:19:09,945 DEBUG ru.stepev.dao.jdbc.JdbcLectureDao [main] Finding by dailyscheduleId - 10
2021-01-15 19:19:09,949 DEBUG ru.stepev.dao.jdbc.JdbcStudentDao [main] Finding student by group ID ... 
2021-01-15 19:19:09,952 DEBUG ru.stepev.dao.jdbc.JdbcCourseDao [main] Finding course by student ID ...
2021-01-15 19:19:09,954 DEBUG ru.stepev.dao.jdbc.JdbcCourseDao [main] Finding course by student ID ...
2021-01-15 19:19:09,957 DEBUG ru.stepev.dao.jdbc.JdbcCourseDao [main] Finding course by teacher ID ...
2021-01-15 19:19:09,958 DEBUG ru.stepev.dao.jdbc.JdbcLectureDao [main] Finding by dailyscheduleId - 11
2021-01-15 19:19:09,961 DEBUG ru.stepev.dao.jdbc.JdbcStudentDao [main] Finding student by group ID ... 
2021-01-15 19:19:09,962 DEBUG ru.stepev.dao.jdbc.JdbcCourseDao [main] Finding course by student ID ...
2021-01-15 19:19:09,965 DEBUG ru.stepev.dao.jdbc.JdbcCourseDao [main] Finding course by student ID ...
2021-01-15 19:19:09,968 DEBUG ru.stepev.dao.jdbc.JdbcCourseDao [main] Finding course by teacher ID ...
2021-01-15 19:19:09,969 DEBUG ru.stepev.dao.jdbc.JdbcLectureDao [main] Finding by dailyscheduleId - 12
2021-01-15 19:19:09,972 DEBUG ru.stepev.dao.jdbc.JdbcStudentDao [main] Finding student by group ID ... 
2021-01-15 19:19:09,973 DEBUG ru.stepev.dao.jdbc.JdbcCourseDao [main] Finding course by student ID ...
2021-01-15 19:19:09,974 DEBUG ru.stepev.dao.jdbc.JdbcCourseDao [main] Finding course by student ID ...
2021-01-15 19:19:09,975 DEBUG ru.stepev.dao.jdbc.JdbcCourseDao [main] Finding course by teacher ID ...
2021-01-15 19:19:09,977 DEBUG ru.stepev.dao.jdbc.JdbcLectureDao [main] Finding by dailyscheduleId - 13
2021-01-15 19:19:09,987 DEBUG ru.stepev.dao.jdbc.JdbcStudentDao [main] Finding student by group ID ... 
2021-01-15 19:19:09,995 DEBUG ru.stepev.dao.jdbc.JdbcCourseDao [main] Finding course by student ID ...
2021-01-15 19:19:09,997 DEBUG ru.stepev.dao.jdbc.JdbcCourseDao [main] Finding course by student ID ...
2021-01-15 19:19:09,999 DEBUG ru.stepev.dao.jdbc.JdbcCourseDao [main] Finding course by teacher ID ...
2021-01-15 19:19:10,002 DEBUG ru.stepev.dao.jdbc.JdbcLectureDao [main] Finding by dailyscheduleId - 14
2021-01-15 19:19:10,011 DEBUG ru.stepev.dao.jdbc.JdbcStudentDao [main] Finding student by group ID ... 
2021-01-15 19:19:10,014 DEBUG ru.stepev.dao.jdbc.JdbcCourseDao [main] Finding course by student ID ...
2021-01-15 19:19:10,015 DEBUG ru.stepev.dao.jdbc.JdbcCourseDao [main] Finding course by student ID ...
2021-01-15 19:19:10,020 DEBUG ru.stepev.dao.jdbc.JdbcCourseDao [main] Finding course by teacher ID ...
2021-01-15 19:19:10,022 DEBUG ru.stepev.dao.jdbc.JdbcLectureDao [main] Finding by dailyscheduleId - 15
2021-01-15 19:19:10,025 DEBUG ru.stepev.dao.jdbc.JdbcStudentDao [main] Finding student by group ID ... 
2021-01-15 19:19:10,027 DEBUG ru.stepev.dao.jdbc.JdbcCourseDao [main] Finding course by student ID ...
2021-01-15 19:19:10,029 DEBUG ru.stepev.dao.jdbc.JdbcCourseDao [main] Finding course by student ID ...
2021-01-15 19:19:10,031 DEBUG ru.stepev.dao.jdbc.JdbcCourseDao [main] Finding course by teacher ID ...
2021-01-15 19:19:10,034 DEBUG ru.stepev.dao.jdbc.JdbcStudentDao [main] Finding student by group ID ... 
2021-01-15 19:19:10,035 DEBUG ru.stepev.dao.jdbc.JdbcCourseDao [main] Finding course by student ID ...
2021-01-15 19:19:10,037 DEBUG ru.stepev.dao.jdbc.JdbcCourseDao [main] Finding course by student ID ...
2021-01-15 19:19:10,039 DEBUG ru.stepev.dao.jdbc.JdbcCourseDao [main] Finding course by teacher ID ...
2021-01-15 19:19:10,041 DEBUG ru.stepev.dao.jdbc.JdbcLectureDao [main] Finding by dailyscheduleId - 16
2021-01-15 19:19:10,043 DEBUG ru.stepev.dao.jdbc.JdbcStudentDao [main] Finding student by group ID ... 
2021-01-15 19:19:10,045 DEBUG ru.stepev.dao.jdbc.JdbcCourseDao [main] Finding course by student ID ...
2021-01-15 19:19:10,046 DEBUG ru.stepev.dao.jdbc.JdbcCourseDao [main] Finding course by student ID ...
2021-01-15 19:19:10,049 DEBUG ru.stepev.dao.jdbc.JdbcCourseDao [main] Finding course by teacher ID ...
2021-01-15 19:19:10,050 DEBUG ru.stepev.dao.jdbc.JdbcLectureDao [main] Finding by dailyscheduleId - 17
2021-01-15 19:19:10,054 DEBUG ru.stepev.dao.jdbc.JdbcStudentDao [main] Finding student by group ID ... 
2021-01-15 19:19:10,055 DEBUG ru.stepev.dao.jdbc.JdbcCourseDao [main] Finding course by student ID ...
2021-01-15 19:19:10,057 DEBUG ru.stepev.dao.jdbc.JdbcCourseDao [main] Finding course by student ID ...
2021-01-15 19:19:10,063 DEBUG ru.stepev.dao.jdbc.JdbcCourseDao [main] Finding course by teacher ID ...
2021-01-15 19:19:10,065 DEBUG ru.stepev.dao.jdbc.JdbcLectureDao [main] Finding by dailyscheduleId - 18
2021-01-15 19:19:10,068 DEBUG ru.stepev.dao.jdbc.JdbcStudentDao [main] Finding student by group ID ... 
2021-01-15 19:19:10,069 DEBUG ru.stepev.dao.jdbc.JdbcCourseDao [main] Finding course by student ID ...
2021-01-15 19:19:10,070 DEBUG ru.stepev.dao.jdbc.JdbcCourseDao [main] Finding course by student ID ...
2021-01-15 19:19:10,072 DEBUG ru.stepev.dao.jdbc.JdbcCourseDao [main] Finding course by teacher ID ...
2021-01-15 19:19:10,074 DEBUG ru.stepev.dao.jdbc.JdbcStudentDao [main] Finding student by group ID ... 
2021-01-15 19:19:10,076 DEBUG ru.stepev.dao.jdbc.JdbcCourseDao [main] Finding course by student ID ...
2021-01-15 19:19:10,077 DEBUG ru.stepev.dao.jdbc.JdbcCourseDao [main] Finding course by student ID ...
2021-01-15 19:19:10,078 DEBUG ru.stepev.dao.jdbc.JdbcCourseDao [main] Finding course by teacher ID ...
2021-01-15 19:19:10,079 DEBUG ru.stepev.dao.jdbc.JdbcLectureDao [main] Finding by dailyscheduleId - 19
2021-01-15 19:19:10,082 DEBUG ru.stepev.dao.jdbc.JdbcStudentDao [main] Finding student by group ID ... 
2021-01-15 19:19:10,089 DEBUG ru.stepev.dao.jdbc.JdbcCourseDao [main] Finding course by student ID ...
2021-01-15 19:19:10,091 DEBUG ru.stepev.dao.jdbc.JdbcCourseDao [main] Finding course by student ID ...
2021-01-15 19:19:10,093 DEBUG ru.stepev.dao.jdbc.JdbcCourseDao [main] Finding course by teacher ID ...
2021-01-15 19:19:10,094 DEBUG ru.stepev.dao.jdbc.JdbcLectureDao [main] Finding by dailyscheduleId - 20
2021-01-15 19:19:10,097 DEBUG ru.stepev.dao.jdbc.JdbcStudentDao [main] Finding student by group ID ... 
2021-01-15 19:19:10,098 DEBUG ru.stepev.dao.jdbc.JdbcCourseDao [main] Finding course by student ID ...
2021-01-15 19:19:10,099 DEBUG ru.stepev.dao.jdbc.JdbcCourseDao [main] Finding course by student ID ...
2021-01-15 19:19:10,103 DEBUG ru.stepev.dao.jdbc.JdbcCourseDao [main] Finding course by teacher ID ...
2021-01-15 19:19:10,105 DEBUG ru.stepev.dao.jdbc.JdbcStudentDao [main] Finding student by group ID ... 
2021-01-15 19:19:10,107 DEBUG ru.stepev.dao.jdbc.JdbcCourseDao [main] Finding course by student ID ...
2021-01-15 19:19:10,108 DEBUG ru.stepev.dao.jdbc.JdbcCourseDao [main] Finding course by student ID ...
2021-01-15 19:19:10,109 DEBUG ru.stepev.dao.jdbc.JdbcCourseDao [main] Finding course by teacher ID ...
2021-01-15 19:19:10,111 DEBUG ru.stepev.dao.jdbc.JdbcLectureDao [main] Finding by dailyscheduleId - 21
2021-01-15 19:19:10,116 DEBUG ru.stepev.dao.jdbc.JdbcDailyScheduleDao [main] Finding all DailySchedules by group and period of time ...
2021-01-15 19:19:10,116 DEBUG ru.stepev.dao.jdbc.JdbcDailyScheduleDao [main] Finding all DailySchedules by Date period ...
2021-01-15 19:19:10,120 DEBUG ru.stepev.dao.jdbc.JdbcLectureDao [main] Finding by dailyscheduleId - 1
2021-01-15 19:19:10,123 DEBUG ru.stepev.dao.jdbc.JdbcStudentDao [main] Finding student by group ID ... 
2021-01-15 19:19:10,124 DEBUG ru.stepev.dao.jdbc.JdbcCourseDao [main] Finding course by student ID ...
2021-01-15 19:19:10,127 DEBUG ru.stepev.dao.jdbc.JdbcCourseDao [main] Finding course by student ID ...
2021-01-15 19:19:10,129 DEBUG ru.stepev.dao.jdbc.JdbcCourseDao [main] Finding course by teacher ID ...
2021-01-15 19:19:10,131 DEBUG ru.stepev.dao.jdbc.JdbcStudentDao [main] Finding student by group ID ... 
2021-01-15 19:19:10,134 DEBUG ru.stepev.dao.jdbc.JdbcCourseDao [main] Finding course by student ID ...
2021-01-15 19:19:10,136 DEBUG ru.stepev.dao.jdbc.JdbcCourseDao [main] Finding course by student ID ...
2021-01-15 19:19:10,138 DEBUG ru.stepev.dao.jdbc.JdbcCourseDao [main] Finding course by teacher ID ...
2021-01-15 19:19:10,140 DEBUG ru.stepev.dao.jdbc.JdbcStudentDao [main] Finding student by group ID ... 
2021-01-15 19:19:10,142 DEBUG ru.stepev.dao.jdbc.JdbcCourseDao [main] Finding course by student ID ...
2021-01-15 19:19:10,144 DEBUG ru.stepev.dao.jdbc.JdbcCourseDao [main] Finding course by student ID ...
2021-01-15 19:19:10,146 DEBUG ru.stepev.dao.jdbc.JdbcCourseDao [main] Finding course by teacher ID ...
2021-01-15 19:19:10,150 DEBUG ru.stepev.dao.jdbc.JdbcStudentDao [main] Finding student by group ID ... 
2021-01-15 19:19:10,151 DEBUG ru.stepev.dao.jdbc.JdbcCourseDao [main] Finding course by student ID ...
2021-01-15 19:19:10,153 DEBUG ru.stepev.dao.jdbc.JdbcCourseDao [main] Finding course by student ID ...
2021-01-15 19:19:10,155 DEBUG ru.stepev.dao.jdbc.JdbcCourseDao [main] Finding course by teacher ID ...
2021-01-15 19:19:10,157 DEBUG ru.stepev.dao.jdbc.JdbcStudentDao [main] Finding student by group ID ... 
2021-01-15 19:19:10,159 DEBUG ru.stepev.dao.jdbc.JdbcCourseDao [main] Finding course by student ID ...
2021-01-15 19:19:10,160 DEBUG ru.stepev.dao.jdbc.JdbcCourseDao [main] Finding course by student ID ...
2021-01-15 19:19:10,171 DEBUG ru.stepev.dao.jdbc.JdbcCourseDao [main] Finding course by teacher ID ...
2021-01-15 19:19:10,172 DEBUG ru.stepev.dao.jdbc.JdbcLectureDao [main] Finding by dailyscheduleId - 2
2021-01-15 19:19:10,175 DEBUG ru.stepev.dao.jdbc.JdbcStudentDao [main] Finding student by group ID ... 
2021-01-15 19:19:10,176 DEBUG ru.stepev.dao.jdbc.JdbcCourseDao [main] Finding course by student ID ...
2021-01-15 19:19:10,178 DEBUG ru.stepev.dao.jdbc.JdbcCourseDao [main] Finding course by student ID ...
2021-01-15 19:19:10,179 DEBUG ru.stepev.dao.jdbc.JdbcCourseDao [main] Finding course by teacher ID ...
2021-01-15 19:19:10,182 DEBUG ru.stepev.dao.jdbc.JdbcStudentDao [main] Finding student by group ID ... 
2021-01-15 19:19:10,184 DEBUG ru.stepev.dao.jdbc.JdbcCourseDao [main] Finding course by student ID ...
2021-01-15 19:19:10,196 DEBUG ru.stepev.dao.jdbc.JdbcCourseDao [main] Finding course by student ID ...
2021-01-15 19:19:10,224 DEBUG ru.stepev.dao.jdbc.JdbcCourseDao [main] Finding course by teacher ID ...
2021-01-15 19:19:10,225 DEBUG ru.stepev.dao.jdbc.JdbcLectureDao [main] Finding by dailyscheduleId - 3
2021-01-15 19:19:10,227 DEBUG ru.stepev.dao.jdbc.JdbcStudentDao [main] Finding student by group ID ... 
2021-01-15 19:19:10,227 DEBUG ru.stepev.dao.jdbc.JdbcCourseDao [main] Finding course by student ID ...
2021-01-15 19:19:10,230 DEBUG ru.stepev.dao.jdbc.JdbcCourseDao [main] Finding course by student ID ...
2021-01-15 19:19:10,232 DEBUG ru.stepev.dao.jdbc.JdbcCourseDao [main] Finding course by teacher ID ...
2021-01-15 19:19:10,237 DEBUG ru.stepev.dao.jdbc.JdbcStudentDao [main] Finding student by group ID ... 
2021-01-15 19:19:10,239 DEBUG ru.stepev.dao.jdbc.JdbcCourseDao [main] Finding course by student ID ...
2021-01-15 19:19:10,241 DEBUG ru.stepev.dao.jdbc.JdbcCourseDao [main] Finding course by student ID ...
2021-01-15 19:19:10,245 DEBUG ru.stepev.dao.jdbc.JdbcCourseDao [main] Finding course by teacher ID ...
2021-01-15 19:19:10,266 DEBUG ru.stepev.dao.jdbc.JdbcLectureDao [main] Finding by dailyscheduleId - 4
2021-01-15 19:19:10,269 DEBUG ru.stepev.dao.jdbc.JdbcStudentDao [main] Finding student by group ID ... 
2021-01-15 19:19:10,271 DEBUG ru.stepev.dao.jdbc.JdbcCourseDao [main] Finding course by student ID ...
2021-01-15 19:19:10,273 DEBUG ru.stepev.dao.jdbc.JdbcCourseDao [main] Finding course by student ID ...
2021-01-15 19:19:10,277 DEBUG ru.stepev.dao.jdbc.JdbcCourseDao [main] Finding course by teacher ID ...
2021-01-15 19:19:10,280 DEBUG ru.stepev.dao.jdbc.JdbcStudentDao [main] Finding student by group ID ... 
2021-01-15 19:19:10,281 DEBUG ru.stepev.dao.jdbc.JdbcCourseDao [main] Finding course by student ID ...
2021-01-15 19:19:10,283 DEBUG ru.stepev.dao.jdbc.JdbcCourseDao [main] Finding course by student ID ...
2021-01-15 19:19:10,285 DEBUG ru.stepev.dao.jdbc.JdbcCourseDao [main] Finding course by teacher ID ...
2021-01-15 19:19:10,310 DEBUG ru.stepev.dao.jdbc.JdbcDailyScheduleDao [main] Finding and sorting dailyschedule by date ... 
2021-01-15 19:19:10,313 DEBUG ru.stepev.dao.jdbc.JdbcLectureDao [main] Finding by dailyscheduleId - 19
2021-01-15 19:19:10,318 DEBUG ru.stepev.dao.jdbc.JdbcStudentDao [main] Finding student by group ID ... 
2021-01-15 19:19:10,320 DEBUG ru.stepev.dao.jdbc.JdbcCourseDao [main] Finding course by student ID ...
2021-01-15 19:19:10,322 DEBUG ru.stepev.dao.jdbc.JdbcCourseDao [main] Finding course by student ID ...
2021-01-15 19:19:10,328 DEBUG ru.stepev.dao.jdbc.JdbcCourseDao [main] Finding course by teacher ID ...
2021-01-15 19:19:10,330 DEBUG ru.stepev.dao.jdbc.JdbcLectureDao [main] Finding by dailyscheduleId - 20
2021-01-15 19:19:10,334 DEBUG ru.stepev.dao.jdbc.JdbcStudentDao [main] Finding student by group ID ... 
2021-01-15 19:19:10,336 DEBUG ru.stepev.dao.jdbc.JdbcCourseDao [main] Finding course by student ID ...
2021-01-15 19:19:10,337 DEBUG ru.stepev.dao.jdbc.JdbcCourseDao [main] Finding course by student ID ...
2021-01-15 19:19:10,338 DEBUG ru.stepev.dao.jdbc.JdbcCourseDao [main] Finding course by teacher ID ...
2021-01-15 19:19:10,342 DEBUG ru.stepev.dao.jdbc.JdbcStudentDao [main] Finding student by group ID ... 
2021-01-15 19:19:10,343 DEBUG ru.stepev.dao.jdbc.JdbcCourseDao [main] Finding course by student ID ...
2021-01-15 19:19:10,344 DEBUG ru.stepev.dao.jdbc.JdbcCourseDao [main] Finding course by student ID ...
2021-01-15 19:19:10,346 DEBUG ru.stepev.dao.jdbc.JdbcCourseDao [main] Finding course by teacher ID ...
2021-01-15 19:19:10,375 DEBUG ru.stepev.dao.jdbc.JdbcDailyScheduleDao [main] Finding all DailySchedules by group and period of time ...
2021-01-15 19:19:10,375 DEBUG ru.stepev.dao.jdbc.JdbcDailyScheduleDao [main] Finding all DailySchedules by Date period ...
2021-01-15 19:19:10,376 DEBUG ru.stepev.dao.jdbc.JdbcLectureDao [main] Finding by dailyscheduleId - 1
2021-01-15 19:19:10,382 DEBUG ru.stepev.dao.jdbc.JdbcStudentDao [main] Finding student by group ID ... 
2021-01-15 19:19:10,385 DEBUG ru.stepev.dao.jdbc.JdbcCourseDao [main] Finding course by student ID ...
2021-01-15 19:19:10,388 DEBUG ru.stepev.dao.jdbc.JdbcCourseDao [main] Finding course by student ID ...
2021-01-15 19:19:10,391 DEBUG ru.stepev.dao.jdbc.JdbcCourseDao [main] Finding course by teacher ID ...
2021-01-15 19:19:10,394 DEBUG ru.stepev.dao.jdbc.JdbcStudentDao [main] Finding student by group ID ... 
2021-01-15 19:19:10,395 DEBUG ru.stepev.dao.jdbc.JdbcCourseDao [main] Finding course by student ID ...
2021-01-15 19:19:10,396 DEBUG ru.stepev.dao.jdbc.JdbcCourseDao [main] Finding course by student ID ...
2021-01-15 19:19:10,402 DEBUG ru.stepev.dao.jdbc.JdbcCourseDao [main] Finding course by teacher ID ...
2021-01-15 19:19:10,433 DEBUG ru.stepev.dao.jdbc.JdbcStudentDao [main] Finding student by group ID ... 
2021-01-15 19:19:10,436 DEBUG ru.stepev.dao.jdbc.JdbcCourseDao [main] Finding course by student ID ...
2021-01-15 19:19:10,438 DEBUG ru.stepev.dao.jdbc.JdbcCourseDao [main] Finding course by student ID ...
2021-01-15 19:19:10,442 DEBUG ru.stepev.dao.jdbc.JdbcCourseDao [main] Finding course by teacher ID ...
2021-01-15 19:19:10,444 DEBUG ru.stepev.dao.jdbc.JdbcStudentDao [main] Finding student by group ID ... 
2021-01-15 19:19:10,452 DEBUG ru.stepev.dao.jdbc.JdbcCourseDao [main] Finding course by student ID ...
2021-01-15 19:19:10,454 DEBUG ru.stepev.dao.jdbc.JdbcCourseDao [main] Finding course by student ID ...
2021-01-15 19:19:10,456 DEBUG ru.stepev.dao.jdbc.JdbcCourseDao [main] Finding course by teacher ID ...
2021-01-15 19:19:10,459 DEBUG ru.stepev.dao.jdbc.JdbcStudentDao [main] Finding student by group ID ... 
2021-01-15 19:19:10,460 DEBUG ru.stepev.dao.jdbc.JdbcCourseDao [main] Finding course by student ID ...
2021-01-15 19:19:10,461 DEBUG ru.stepev.dao.jdbc.JdbcCourseDao [main] Finding course by student ID ...
2021-01-15 19:19:10,463 DEBUG ru.stepev.dao.jdbc.JdbcCourseDao [main] Finding course by teacher ID ...
2021-01-15 19:19:10,464 DEBUG ru.stepev.dao.jdbc.JdbcLectureDao [main] Finding by dailyscheduleId - 2
2021-01-15 19:19:10,466 DEBUG ru.stepev.dao.jdbc.JdbcStudentDao [main] Finding student by group ID ... 
2021-01-15 19:19:10,469 DEBUG ru.stepev.dao.jdbc.JdbcCourseDao [main] Finding course by student ID ...
2021-01-15 19:19:10,470 DEBUG ru.stepev.dao.jdbc.JdbcCourseDao [main] Finding course by student ID ...
2021-01-15 19:19:10,471 DEBUG ru.stepev.dao.jdbc.JdbcCourseDao [main] Finding course by teacher ID ...
2021-01-15 19:19:10,473 DEBUG ru.stepev.dao.jdbc.JdbcStudentDao [main] Finding student by group ID ... 
2021-01-15 19:19:10,474 DEBUG ru.stepev.dao.jdbc.JdbcCourseDao [main] Finding course by student ID ...
2021-01-15 19:19:10,475 DEBUG ru.stepev.dao.jdbc.JdbcCourseDao [main] Finding course by student ID ...
2021-01-15 19:19:10,476 DEBUG ru.stepev.dao.jdbc.JdbcCourseDao [main] Finding course by teacher ID ...
2021-01-15 19:19:10,477 DEBUG ru.stepev.dao.jdbc.JdbcLectureDao [main] Finding by dailyscheduleId - 3
2021-01-15 19:19:10,482 DEBUG ru.stepev.dao.jdbc.JdbcStudentDao [main] Finding student by group ID ... 
2021-01-15 19:19:10,483 DEBUG ru.stepev.dao.jdbc.JdbcCourseDao [main] Finding course by student ID ...
2021-01-15 19:19:10,486 DEBUG ru.stepev.dao.jdbc.JdbcCourseDao [main] Finding course by student ID ...
2021-01-15 19:19:10,488 DEBUG ru.stepev.dao.jdbc.JdbcCourseDao [main] Finding course by teacher ID ...
2021-01-15 19:19:10,490 DEBUG ru.stepev.dao.jdbc.JdbcStudentDao [main] Finding student by group ID ... 
2021-01-15 19:19:10,504 DEBUG ru.stepev.dao.jdbc.JdbcCourseDao [main] Finding course by student ID ...
2021-01-15 19:19:10,505 DEBUG ru.stepev.dao.jdbc.JdbcCourseDao [main] Finding course by student ID ...
2021-01-15 19:19:10,507 DEBUG ru.stepev.dao.jdbc.JdbcCourseDao [main] Finding course by teacher ID ...
2021-01-15 19:19:10,509 DEBUG ru.stepev.dao.jdbc.JdbcLectureDao [main] Finding by dailyscheduleId - 4
2021-01-15 19:19:10,512 DEBUG ru.stepev.dao.jdbc.JdbcStudentDao [main] Finding student by group ID ... 
2021-01-15 19:19:10,514 DEBUG ru.stepev.dao.jdbc.JdbcCourseDao [main] Finding course by student ID ...
2021-01-15 19:19:10,516 DEBUG ru.stepev.dao.jdbc.JdbcCourseDao [main] Finding course by student ID ...
2021-01-15 19:19:10,520 DEBUG ru.stepev.dao.jdbc.JdbcCourseDao [main] Finding course by teacher ID ...
2021-01-15 19:19:10,522 DEBUG ru.stepev.dao.jdbc.JdbcStudentDao [main] Finding student by group ID ... 
2021-01-15 19:19:10,522 DEBUG ru.stepev.dao.jdbc.JdbcCourseDao [main] Finding course by student ID ...
2021-01-15 19:19:10,523 DEBUG ru.stepev.dao.jdbc.JdbcCourseDao [main] Finding course by student ID ...
2021-01-15 19:19:10,524 DEBUG ru.stepev.dao.jdbc.JdbcCourseDao [main] Finding course by teacher ID ...
2021-01-15 19:19:10,524 DEBUG ru.stepev.dao.jdbc.JdbcLectureDao [main] Finding by dailyscheduleId - 5
2021-01-15 19:19:10,526 DEBUG ru.stepev.dao.jdbc.JdbcStudentDao [main] Finding student by group ID ... 
2021-01-15 19:19:10,527 DEBUG ru.stepev.dao.jdbc.JdbcCourseDao [main] Finding course by student ID ...
2021-01-15 19:19:10,528 DEBUG ru.stepev.dao.jdbc.JdbcCourseDao [main] Finding course by student ID ...
2021-01-15 19:19:10,531 DEBUG ru.stepev.dao.jdbc.JdbcCourseDao [main] Finding course by teacher ID ...
2021-01-15 19:19:10,535 DEBUG ru.stepev.dao.jdbc.JdbcStudentDao [main] Finding student by group ID ... 
2021-01-15 19:19:10,537 DEBUG ru.stepev.dao.jdbc.JdbcCourseDao [main] Finding course by student ID ...
2021-01-15 19:19:10,539 DEBUG ru.stepev.dao.jdbc.JdbcCourseDao [main] Finding course by student ID ...
2021-01-15 19:19:10,540 DEBUG ru.stepev.dao.jdbc.JdbcCourseDao [main] Finding course by teacher ID ...
2021-01-15 19:19:10,540 DEBUG ru.stepev.dao.jdbc.JdbcLectureDao [main] Finding by dailyscheduleId - 6
2021-01-15 19:19:10,542 DEBUG ru.stepev.dao.jdbc.JdbcStudentDao [main] Finding student by group ID ... 
2021-01-15 19:19:10,542 DEBUG ru.stepev.dao.jdbc.JdbcCourseDao [main] Finding course by student ID ...
2021-01-15 19:19:10,543 DEBUG ru.stepev.dao.jdbc.JdbcCourseDao [main] Finding course by student ID ...
2021-01-15 19:19:10,543 DEBUG ru.stepev.dao.jdbc.JdbcCourseDao [main] Finding course by teacher ID ...
2021-01-15 19:19:10,545 DEBUG ru.stepev.dao.jdbc.JdbcStudentDao [main] Finding student by group ID ... 
2021-01-15 19:19:10,547 DEBUG ru.stepev.dao.jdbc.JdbcCourseDao [main] Finding course by student ID ...
2021-01-15 19:19:10,549 DEBUG ru.stepev.dao.jdbc.JdbcCourseDao [main] Finding course by student ID ...
2021-01-15 19:19:10,553 DEBUG ru.stepev.dao.jdbc.JdbcCourseDao [main] Finding course by teacher ID ...
2021-01-15 19:19:10,556 DEBUG ru.stepev.dao.jdbc.JdbcLectureDao [main] Finding by dailyscheduleId - 7
2021-01-15 19:19:10,559 DEBUG ru.stepev.dao.jdbc.JdbcStudentDao [main] Finding student by group ID ... 
2021-01-15 19:19:10,561 DEBUG ru.stepev.dao.jdbc.JdbcCourseDao [main] Finding course by student ID ...
2021-01-15 19:19:10,562 DEBUG ru.stepev.dao.jdbc.JdbcCourseDao [main] Finding course by student ID ...
2021-01-15 19:19:10,564 DEBUG ru.stepev.dao.jdbc.JdbcCourseDao [main] Finding course by teacher ID ...
2021-01-15 19:19:10,567 DEBUG ru.stepev.dao.jdbc.JdbcStudentDao [main] Finding student by group ID ... 
2021-01-15 19:19:10,569 DEBUG ru.stepev.dao.jdbc.JdbcCourseDao [main] Finding course by student ID ...
2021-01-15 19:19:10,570 DEBUG ru.stepev.dao.jdbc.JdbcCourseDao [main] Finding course by student ID ...
2021-01-15 19:19:10,572 DEBUG ru.stepev.dao.jdbc.JdbcCourseDao [main] Finding course by teacher ID ...
2021-01-15 19:19:10,573 DEBUG ru.stepev.dao.jdbc.JdbcLectureDao [main] Finding by dailyscheduleId - 8
2021-01-15 19:19:10,575 DEBUG ru.stepev.dao.jdbc.JdbcStudentDao [main] Finding student by group ID ... 
2021-01-15 19:19:10,577 DEBUG ru.stepev.dao.jdbc.JdbcCourseDao [main] Finding course by student ID ...
2021-01-15 19:19:10,578 DEBUG ru.stepev.dao.jdbc.JdbcCourseDao [main] Finding course by student ID ...
2021-01-15 19:19:10,580 DEBUG ru.stepev.dao.jdbc.JdbcCourseDao [main] Finding course by teacher ID ...
2021-01-15 19:19:10,581 DEBUG ru.stepev.dao.jdbc.JdbcLectureDao [main] Finding by dailyscheduleId - 9
2021-01-15 19:19:10,585 DEBUG ru.stepev.dao.jdbc.JdbcStudentDao [main] Finding student by group ID ... 
2021-01-15 19:19:10,587 DEBUG ru.stepev.dao.jdbc.JdbcCourseDao [main] Finding course by student ID ...
2021-01-15 19:19:10,588 DEBUG ru.stepev.dao.jdbc.JdbcCourseDao [main] Finding course by student ID ...
2021-01-15 19:19:10,589 DEBUG ru.stepev.dao.jdbc.JdbcCourseDao [main] Finding course by teacher ID ...
2021-01-15 19:19:10,590 DEBUG ru.stepev.dao.jdbc.JdbcLectureDao [main] Finding by dailyscheduleId - 10
2021-01-15 19:19:10,593 DEBUG ru.stepev.dao.jdbc.JdbcStudentDao [main] Finding student by group ID ... 
2021-01-15 19:19:10,594 DEBUG ru.stepev.dao.jdbc.JdbcCourseDao [main] Finding course by student ID ...
2021-01-15 19:19:10,595 DEBUG ru.stepev.dao.jdbc.JdbcCourseDao [main] Finding course by student ID ...
2021-01-15 19:19:10,597 DEBUG ru.stepev.dao.jdbc.JdbcCourseDao [main] Finding course by teacher ID ...
2021-01-15 19:19:10,598 DEBUG ru.stepev.dao.jdbc.JdbcLectureDao [main] Finding by dailyscheduleId - 11
2021-01-15 19:19:10,600 DEBUG ru.stepev.dao.jdbc.JdbcStudentDao [main] Finding student by group ID ... 
2021-01-15 19:19:10,602 DEBUG ru.stepev.dao.jdbc.JdbcCourseDao [main] Finding course by student ID ...
2021-01-15 19:19:10,604 DEBUG ru.stepev.dao.jdbc.JdbcCourseDao [main] Finding course by student ID ...
2021-01-15 19:19:10,605 DEBUG ru.stepev.dao.jdbc.JdbcCourseDao [main] Finding course by teacher ID ...
2021-01-15 19:19:10,606 DEBUG ru.stepev.dao.jdbc.JdbcLectureDao [main] Finding by dailyscheduleId - 12
2021-01-15 19:19:10,622 DEBUG ru.stepev.dao.jdbc.JdbcStudentDao [main] Finding student by group ID ... 
2021-01-15 19:19:10,624 DEBUG ru.stepev.dao.jdbc.JdbcCourseDao [main] Finding course by student ID ...
2021-01-15 19:19:10,626 DEBUG ru.stepev.dao.jdbc.JdbcCourseDao [main] Finding course by student ID ...
2021-01-15 19:19:10,628 DEBUG ru.stepev.dao.jdbc.JdbcCourseDao [main] Finding course by teacher ID ...
2021-01-15 19:19:10,629 DEBUG ru.stepev.dao.jdbc.JdbcLectureDao [main] Finding by dailyscheduleId - 13
2021-01-15 19:19:10,633 DEBUG ru.stepev.dao.jdbc.JdbcStudentDao [main] Finding student by group ID ... 
2021-01-15 19:19:10,637 DEBUG ru.stepev.dao.jdbc.JdbcCourseDao [main] Finding course by student ID ...
2021-01-15 19:19:10,638 DEBUG ru.stepev.dao.jdbc.JdbcCourseDao [main] Finding course by student ID ...
2021-01-15 19:19:10,641 DEBUG ru.stepev.dao.jdbc.JdbcCourseDao [main] Finding course by teacher ID ...
2021-01-15 19:19:10,642 DEBUG ru.stepev.dao.jdbc.JdbcLectureDao [main] Finding by dailyscheduleId - 14
2021-01-15 19:19:10,645 DEBUG ru.stepev.dao.jdbc.JdbcStudentDao [main] Finding student by group ID ... 
2021-01-15 19:19:10,646 DEBUG ru.stepev.dao.jdbc.JdbcCourseDao [main] Finding course by student ID ...
2021-01-15 19:19:10,648 DEBUG ru.stepev.dao.jdbc.JdbcCourseDao [main] Finding course by student ID ...
2021-01-15 19:19:10,649 DEBUG ru.stepev.dao.jdbc.JdbcCourseDao [main] Finding course by teacher ID ...
2021-01-15 19:19:10,652 DEBUG ru.stepev.dao.jdbc.JdbcLectureDao [main] Finding by dailyscheduleId - 15
2021-01-15 19:19:10,655 DEBUG ru.stepev.dao.jdbc.JdbcStudentDao [main] Finding student by group ID ... 
2021-01-15 19:19:10,656 DEBUG ru.stepev.dao.jdbc.JdbcCourseDao [main] Finding course by student ID ...
2021-01-15 19:19:10,658 DEBUG ru.stepev.dao.jdbc.JdbcCourseDao [main] Finding course by student ID ...
2021-01-15 19:19:10,661 DEBUG ru.stepev.dao.jdbc.JdbcCourseDao [main] Finding course by teacher ID ...
2021-01-15 19:19:10,666 DEBUG ru.stepev.dao.jdbc.JdbcStudentDao [main] Finding student by group ID ... 
2021-01-15 19:19:10,668 DEBUG ru.stepev.dao.jdbc.JdbcCourseDao [main] Finding course by student ID ...
2021-01-15 19:19:10,670 DEBUG ru.stepev.dao.jdbc.JdbcCourseDao [main] Finding course by student ID ...
2021-01-15 19:19:10,672 DEBUG ru.stepev.dao.jdbc.JdbcCourseDao [main] Finding course by teacher ID ...
2021-01-15 19:19:10,674 DEBUG ru.stepev.dao.jdbc.JdbcLectureDao [main] Finding by dailyscheduleId - 16
2021-01-15 19:19:10,676 DEBUG ru.stepev.dao.jdbc.JdbcStudentDao [main] Finding student by group ID ... 
2021-01-15 19:19:10,677 DEBUG ru.stepev.dao.jdbc.JdbcCourseDao [main] Finding course by student ID ...
2021-01-15 19:19:10,678 DEBUG ru.stepev.dao.jdbc.JdbcCourseDao [main] Finding course by student ID ...
2021-01-15 19:19:10,679 DEBUG ru.stepev.dao.jdbc.JdbcCourseDao [main] Finding course by teacher ID ...
2021-01-15 19:19:10,680 DEBUG ru.stepev.dao.jdbc.JdbcLectureDao [main] Finding by dailyscheduleId - 17
2021-01-15 19:19:10,683 DEBUG ru.stepev.dao.jdbc.JdbcStudentDao [main] Finding student by group ID ... 
2021-01-15 19:19:10,686 DEBUG ru.stepev.dao.jdbc.JdbcCourseDao [main] Finding course by student ID ...
2021-01-15 19:19:10,687 DEBUG ru.stepev.dao.jdbc.JdbcCourseDao [main] Finding course by student ID ...
2021-01-15 19:19:10,689 DEBUG ru.stepev.dao.jdbc.JdbcCourseDao [main] Finding course by teacher ID ...
2021-01-15 19:19:10,690 DEBUG ru.stepev.dao.jdbc.JdbcLectureDao [main] Finding by dailyscheduleId - 18
2021-01-15 19:19:10,693 DEBUG ru.stepev.dao.jdbc.JdbcStudentDao [main] Finding student by group ID ... 
2021-01-15 19:19:10,694 DEBUG ru.stepev.dao.jdbc.JdbcCourseDao [main] Finding course by student ID ...
2021-01-15 19:19:10,697 DEBUG ru.stepev.dao.jdbc.JdbcCourseDao [main] Finding course by student ID ...
2021-01-15 19:19:10,698 DEBUG ru.stepev.dao.jdbc.JdbcCourseDao [main] Finding course by teacher ID ...
2021-01-15 19:19:10,702 DEBUG ru.stepev.dao.jdbc.JdbcStudentDao [main] Finding student by group ID ... 
2021-01-15 19:19:10,703 DEBUG ru.stepev.dao.jdbc.JdbcCourseDao [main] Finding course by student ID ...
2021-01-15 19:19:10,704 DEBUG ru.stepev.dao.jdbc.JdbcCourseDao [main] Finding course by student ID ...
2021-01-15 19:19:10,705 DEBUG ru.stepev.dao.jdbc.JdbcCourseDao [main] Finding course by teacher ID ...
2021-01-15 19:19:10,706 DEBUG ru.stepev.dao.jdbc.JdbcLectureDao [main] Finding by dailyscheduleId - 19
2021-01-15 19:19:10,707 DEBUG ru.stepev.dao.jdbc.JdbcStudentDao [main] Finding student by group ID ... 
2021-01-15 19:19:10,708 DEBUG ru.stepev.dao.jdbc.JdbcCourseDao [main] Finding course by student ID ...
2021-01-15 19:19:10,709 DEBUG ru.stepev.dao.jdbc.JdbcCourseDao [main] Finding course by student ID ...
2021-01-15 19:19:10,710 DEBUG ru.stepev.dao.jdbc.JdbcCourseDao [main] Finding course by teacher ID ...
2021-01-15 19:19:10,712 DEBUG ru.stepev.dao.jdbc.JdbcLectureDao [main] Finding by dailyscheduleId - 20
2021-01-15 19:19:10,714 DEBUG ru.stepev.dao.jdbc.JdbcStudentDao [main] Finding student by group ID ... 
2021-01-15 19:19:10,715 DEBUG ru.stepev.dao.jdbc.JdbcCourseDao [main] Finding course by student ID ...
2021-01-15 19:19:10,716 DEBUG ru.stepev.dao.jdbc.JdbcCourseDao [main] Finding course by student ID ...
2021-01-15 19:19:10,718 DEBUG ru.stepev.dao.jdbc.JdbcCourseDao [main] Finding course by teacher ID ...
2021-01-15 19:19:10,721 DEBUG ru.stepev.dao.jdbc.JdbcStudentDao [main] Finding student by group ID ... 
2021-01-15 19:19:10,722 DEBUG ru.stepev.dao.jdbc.JdbcCourseDao [main] Finding course by student ID ...
2021-01-15 19:19:10,722 DEBUG ru.stepev.dao.jdbc.JdbcCourseDao [main] Finding course by student ID ...
2021-01-15 19:19:10,724 DEBUG ru.stepev.dao.jdbc.JdbcCourseDao [main] Finding course by teacher ID ...
2021-01-15 19:19:10,724 DEBUG ru.stepev.dao.jdbc.JdbcLectureDao [main] Finding by dailyscheduleId - 21
2021-01-15 19:19:10,738 DEBUG ru.stepev.dao.jdbc.JdbcDailyScheduleDao [main] Counting number of dailyschedule ... 
2021-01-15 19:19:10,747 WARN ru.stepev.dao.jdbc.JdbcDailyScheduleDao [main] DailySchedule with ID 300 was not found
2021-01-15 19:19:10,763 DEBUG ru.stepev.dao.jdbc.JdbcLectureDao [main] Finding by dailyscheduleId - 3
2021-01-15 19:19:10,768 DEBUG ru.stepev.dao.jdbc.JdbcStudentDao [main] Finding student by group ID ... 
2021-01-15 19:19:10,769 DEBUG ru.stepev.dao.jdbc.JdbcCourseDao [main] Finding course by student ID ...
2021-01-15 19:19:10,770 DEBUG ru.stepev.dao.jdbc.JdbcCourseDao [main] Finding course by student ID ...
2021-01-15 19:19:10,772 DEBUG ru.stepev.dao.jdbc.JdbcCourseDao [main] Finding course by teacher ID ...
2021-01-15 19:19:10,775 DEBUG ru.stepev.dao.jdbc.JdbcStudentDao [main] Finding student by group ID ... 
2021-01-15 19:19:10,776 DEBUG ru.stepev.dao.jdbc.JdbcCourseDao [main] Finding course by student ID ...
2021-01-15 19:19:10,777 DEBUG ru.stepev.dao.jdbc.JdbcCourseDao [main] Finding course by student ID ...
2021-01-15 19:19:10,778 DEBUG ru.stepev.dao.jdbc.JdbcCourseDao [main] Finding course by teacher ID ...
2021-01-15 19:19:10,806 DEBUG ru.stepev.dao.jdbc.JdbcLectureDao [main] Finding by dailyscheduleId - 1
2021-01-15 19:19:10,807 DEBUG ru.stepev.dao.jdbc.JdbcStudentDao [main] Finding student by group ID ... 
2021-01-15 19:19:10,807 DEBUG ru.stepev.dao.jdbc.JdbcCourseDao [main] Finding course by student ID ...
2021-01-15 19:19:10,808 DEBUG ru.stepev.dao.jdbc.JdbcCourseDao [main] Finding course by student ID ...
2021-01-15 19:19:10,809 DEBUG ru.stepev.dao.jdbc.JdbcCourseDao [main] Finding course by teacher ID ...
2021-01-15 19:19:10,826 DEBUG ru.stepev.dao.jdbc.JdbcStudentDao [main] Finding student by group ID ... 
2021-01-15 19:19:10,827 DEBUG ru.stepev.dao.jdbc.JdbcCourseDao [main] Finding course by student ID ...
2021-01-15 19:19:10,828 DEBUG ru.stepev.dao.jdbc.JdbcCourseDao [main] Finding course by student ID ...
2021-01-15 19:19:10,839 DEBUG ru.stepev.dao.jdbc.JdbcCourseDao [main] Finding course by teacher ID ...
2021-01-15 19:19:10,840 DEBUG ru.stepev.dao.jdbc.JdbcStudentDao [main] Finding student by group ID ... 
2021-01-15 19:19:10,840 DEBUG ru.stepev.dao.jdbc.JdbcCourseDao [main] Finding course by student ID ...
2021-01-15 19:19:10,840 DEBUG ru.stepev.dao.jdbc.JdbcCourseDao [main] Finding course by student ID ...
2021-01-15 19:19:10,842 DEBUG ru.stepev.dao.jdbc.JdbcCourseDao [main] Finding course by teacher ID ...
2021-01-15 19:19:10,843 DEBUG ru.stepev.dao.jdbc.JdbcStudentDao [main] Finding student by group ID ... 
2021-01-15 19:19:10,843 DEBUG ru.stepev.dao.jdbc.JdbcCourseDao [main] Finding course by student ID ...
2021-01-15 19:19:10,843 DEBUG ru.stepev.dao.jdbc.JdbcCourseDao [main] Finding course by student ID ...
2021-01-15 19:19:10,844 DEBUG ru.stepev.dao.jdbc.JdbcCourseDao [main] Finding course by teacher ID ...
2021-01-15 19:19:10,845 DEBUG ru.stepev.dao.jdbc.JdbcStudentDao [main] Finding student by group ID ... 
2021-01-15 19:19:10,845 DEBUG ru.stepev.dao.jdbc.JdbcCourseDao [main] Finding course by student ID ...
2021-01-15 19:19:10,845 DEBUG ru.stepev.dao.jdbc.JdbcCourseDao [main] Finding course by student ID ...
2021-01-15 19:19:10,845 DEBUG ru.stepev.dao.jdbc.JdbcCourseDao [main] Finding course by teacher ID ...
2021-01-15 19:19:10,869 DEBUG ru.stepev.dao.jdbc.JdbcDailyScheduleDao [main] Finding all DailySchedules by teacher and period of time ...
2021-01-15 19:19:10,870 DEBUG ru.stepev.dao.jdbc.JdbcDailyScheduleDao [main] Finding all DailySchedules by Date period ...
2021-01-15 19:19:10,872 DEBUG ru.stepev.dao.jdbc.JdbcLectureDao [main] Finding by dailyscheduleId - 1
2021-01-15 19:19:10,874 DEBUG ru.stepev.dao.jdbc.JdbcStudentDao [main] Finding student by group ID ... 
2021-01-15 19:19:10,875 DEBUG ru.stepev.dao.jdbc.JdbcCourseDao [main] Finding course by student ID ...
2021-01-15 19:19:10,876 DEBUG ru.stepev.dao.jdbc.JdbcCourseDao [main] Finding course by student ID ...
2021-01-15 19:19:10,878 DEBUG ru.stepev.dao.jdbc.JdbcCourseDao [main] Finding course by teacher ID ...
2021-01-15 19:19:10,881 DEBUG ru.stepev.dao.jdbc.JdbcStudentDao [main] Finding student by group ID ... 
2021-01-15 19:19:10,882 DEBUG ru.stepev.dao.jdbc.JdbcCourseDao [main] Finding course by student ID ...
2021-01-15 19:19:10,886 DEBUG ru.stepev.dao.jdbc.JdbcCourseDao [main] Finding course by student ID ...
2021-01-15 19:19:10,888 DEBUG ru.stepev.dao.jdbc.JdbcCourseDao [main] Finding course by teacher ID ...
2021-01-15 19:19:10,889 DEBUG ru.stepev.dao.jdbc.JdbcLectureDao [main] Finding by dailyscheduleId - 3
2021-01-15 19:19:10,893 DEBUG ru.stepev.dao.jdbc.JdbcStudentDao [main] Finding student by group ID ... 
2021-01-15 19:19:10,894 DEBUG ru.stepev.dao.jdbc.JdbcCourseDao [main] Finding course by student ID ...
2021-01-15 19:19:10,895 DEBUG ru.stepev.dao.jdbc.JdbcCourseDao [main] Finding course by student ID ...
2021-01-15 19:19:10,896 DEBUG ru.stepev.dao.jdbc.JdbcCourseDao [main] Finding course by teacher ID ...
2021-01-15 19:19:10,900 DEBUG ru.stepev.dao.jdbc.JdbcStudentDao [main] Finding student by group ID ... 
2021-01-15 19:19:10,902 DEBUG ru.stepev.dao.jdbc.JdbcCourseDao [main] Finding course by student ID ...
2021-01-15 19:19:10,903 DEBUG ru.stepev.dao.jdbc.JdbcCourseDao [main] Finding course by student ID ...
2021-01-15 19:19:10,904 DEBUG ru.stepev.dao.jdbc.JdbcCourseDao [main] Finding course by teacher ID ...
2021-01-15 19:19:10,918 DEBUG ru.stepev.dao.jdbc.JdbcDailyScheduleDao [main] Finding and sorting dailyschedule by Id ... 
2021-01-15 19:19:10,920 DEBUG ru.stepev.dao.jdbc.JdbcLectureDao [main] Finding by dailyscheduleId - 19
2021-01-15 19:19:10,923 DEBUG ru.stepev.dao.jdbc.JdbcStudentDao [main] Finding student by group ID ... 
2021-01-15 19:19:10,924 DEBUG ru.stepev.dao.jdbc.JdbcCourseDao [main] Finding course by student ID ...
2021-01-15 19:19:10,925 DEBUG ru.stepev.dao.jdbc.JdbcCourseDao [main] Finding course by student ID ...
2021-01-15 19:19:10,926 DEBUG ru.stepev.dao.jdbc.JdbcCourseDao [main] Finding course by teacher ID ...
2021-01-15 19:19:10,927 DEBUG ru.stepev.dao.jdbc.JdbcLectureDao [main] Finding by dailyscheduleId - 20
2021-01-15 19:19:10,928 DEBUG ru.stepev.dao.jdbc.JdbcStudentDao [main] Finding student by group ID ... 
2021-01-15 19:19:10,929 DEBUG ru.stepev.dao.jdbc.JdbcCourseDao [main] Finding course by student ID ...
2021-01-15 19:19:10,930 DEBUG ru.stepev.dao.jdbc.JdbcCourseDao [main] Finding course by student ID ...
2021-01-15 19:19:10,931 DEBUG ru.stepev.dao.jdbc.JdbcCourseDao [main] Finding course by teacher ID ...
2021-01-15 19:19:10,933 DEBUG ru.stepev.dao.jdbc.JdbcStudentDao [main] Finding student by group ID ... 
2021-01-15 19:19:10,934 DEBUG ru.stepev.dao.jdbc.JdbcCourseDao [main] Finding course by student ID ...
2021-01-15 19:19:10,935 DEBUG ru.stepev.dao.jdbc.JdbcCourseDao [main] Finding course by student ID ...
2021-01-15 19:19:10,936 DEBUG ru.stepev.dao.jdbc.JdbcCourseDao [main] Finding course by teacher ID ...
